
 ~~~~~~~~~~~~~~~ 
 Evento: 
 lisa  fernandez registrado con el dni: 345 pagó 100 
 ** DEBE 100 ** 

 ~~~~~~~~~~~~~~~ 
 Evento: 
 paul  lopez registrado con el dni: 456 pagó 100 
 ** DEBE 500 ** 

 ~~~~~~~~~~~~~~~ 
 Evento: 
 pepe  perez registrado con el dni: 123 pagó 400 
 ** DEUDA SALDADA ** 

 ~~~~~~~~~~~~~~~ 
 Evento: 
 coca  gutierrez registrado con el dni: 234 pagó 400 
 ** DEUDA SALDADA ** 

 ~~~~~~~~~~~~~~~ 
 Evento: 
 ariel  martinez registrado con el dni: 567 pagó 30 
 ** DEBE 320 ** 

 ~~~~~~~~~~~~~~~ 
 Evento: 
 ariel  martinez registrado con el dni: 567 pagó 150 
 ** DEBE 170 ** 

 ~~~~~~~~~~~~~~~ 
 Evento: 
 ariel  martinez registrado con el dni: 567 pagó 50 
 ** DEBE 120 ** 

 ~~~~~~~~~~~~~~~ 
 Evento: 
 lisa  fernandez registrado con el dni: 345 pagó 100 
 ** DEBE 100 ** 

 ~~~~~~~~~~~~~~~ 
 Evento: 
 lisa  fernandez registrado con el dni: 345 pagó 100 
 ** DEBE 100 ** 

 ~~~~~~~~~~~~~~~ 
 Evento: 
 lisa  fernandez registrado con el dni: 345 pagó 100 
 ** DEBE 100 ** 

 ~~~~~~~~~~~~~~~ 
 Evento: 
 lisa  fernandez registrado con el dni: 345 pagó 100 
 ** DEBE 100 ** 

 ~~~~~~~~~~~~~~~ 
 Evento: 
 paul  lopez registrado con el dni: 456 pagó 100 
 ** DEBE 500 ** 

 ~~~~~~~~~~~~~~~ 
 Evento: 
 pepe  perez registrado con el dni: 123 pagó 400 
 ** DEUDA SALDADA ** 

 ~~~~~~~~~~~~~~~ 
 Evento: 
 coca  gutierrez registrado con el dni: 234 pagó 400 
 ** DEUDA SALDADA ** 

 ~~~~~~~~~~~~~~~ 
 Evento: 
 ariel  martinez registrado con el dni: 567 pagó 30 
 ** DEBE 320 ** 

 ~~~~~~~~~~~~~~~ 
 Evento: 
 ariel  martinez registrado con el dni: 567 pagó 150 
 ** DEBE 170 ** 

 ~~~~~~~~~~~~~~~ 
 Evento: 
 ariel  martinez registrado con el dni: 567 pagó 50 
 ** DEBE 120 ** 

 ~~~~~~~~~~~~~~~ 
 Evento: 
 lisa  fernandez registrado con el dni: 345 pagó 100 
 ** DEBE 100 ** 

 ~~~~~~~~~~~~~~~ 
 Evento: 
 paul  lopez registrado con el dni: 456 pagó 100 
 ** DEBE 500 ** 

 ~~~~~~~~~~~~~~~ 
 Evento: 
 pepe  perez registrado con el dni: 123 pagó 400 
 ** DEUDA SALDADA ** 

 ~~~~~~~~~~~~~~~ 
 Evento: 
 coca  gutierrez registrado con el dni: 234 pagó 400 
 ** DEUDA SALDADA ** 

 ~~~~~~~~~~~~~~~ 
 Evento: 
 ariel  martinez registrado con el dni: 567 pagó 30 
 ** DEBE 320 ** 

 ~~~~~~~~~~~~~~~ 
 Evento: 
 ariel  martinez registrado con el dni: 567 pagó 150 
 ** DEBE 170 ** 

 ~~~~~~~~~~~~~~~ 
 Evento: 
 ariel  martinez registrado con el dni: 567 pagó 50 
 ** DEBE 120 ** 

 ~~~~~~~~~~~~~~~ 
 Evento: 
 lisa  fernandez registrado con el dni: 345 pagó 100 
 ** DEBE 100 ** 

 ~~~~~~~~~~~~~~~ 
 Evento: 
 paul  lopez registrado con el dni: 456 pagó 100 
 ** DEBE 500 ** 

 ~~~~~~~~~~~~~~~ 
 Evento: 
 pepe  perez registrado con el dni: 123 pagó 400 
 ** DEUDA SALDADA ** 

 ~~~~~~~~~~~~~~~ 
 Evento: 
 coca  gutierrez registrado con el dni: 234 pagó 400 
 ** DEUDA SALDADA ** 

 ~~~~~~~~~~~~~~~ 
 Evento: 
 ariel  martinez registrado con el dni: 567 pagó 30 
 ** DEBE 320 ** 

 ~~~~~~~~~~~~~~~ 
 Evento: 
 ariel  martinez registrado con el dni: 567 pagó 150 
 ** DEBE 170 ** 

 ~~~~~~~~~~~~~~~ 
 Evento: 
 ariel  martinez registrado con el dni: 567 pagó 50 
 ** DEBE 120 ** 

 ~~~~~~~~~~~~~~~ 
 Evento: 
 lisa  fernandez registrado con el dni: 345 pagó 100 
 ** DEBE 100 ** 

 ~~~~~~~~~~~~~~~ 
 Evento: 
 paul  lopez registrado con el dni: 456 pagó 100 
 ** DEBE 500 ** 

 ~~~~~~~~~~~~~~~ 
 Evento: 
 pepe  perez registrado con el dni: 123 pagó 400 
 ** DEUDA SALDADA ** 

 ~~~~~~~~~~~~~~~ 
 Evento: 
 coca  gutierrez registrado con el dni: 234 pagó 400 
 ** DEUDA SALDADA ** 

 ~~~~~~~~~~~~~~~ 
 Evento: 
 ariel  martinez registrado con el dni: 567 pagó 30 
 ** DEBE 320 ** 

 ~~~~~~~~~~~~~~~ 
 Evento: 
 ariel  martinez registrado con el dni: 567 pagó 150 
 ** DEBE 170 ** 

 ~~~~~~~~~~~~~~~ 
 Evento: 
 ariel  martinez registrado con el dni: 567 pagó 50 
 ** DEBE 120 ** 

 ~~~~~~~~~~~~~~~ 
 Evento: 
 lisa  fernandez registrado con el dni: 345 pagó 100 
 ** DEBE 100 ** 

 ~~~~~~~~~~~~~~~ 
 Evento: 
 paul  lopez registrado con el dni: 456 pagó 100 
 ** DEBE 500 ** 

 ~~~~~~~~~~~~~~~ 
 Evento: 
 pepe  perez registrado con el dni: 123 pagó 400 
 ** DEUDA SALDADA ** 

 ~~~~~~~~~~~~~~~ 
 Evento: 
 coca  gutierrez registrado con el dni: 234 pagó 400 
 ** DEUDA SALDADA ** 

 ~~~~~~~~~~~~~~~ 
 Evento: 
 ariel  martinez registrado con el dni: 567 pagó 30 
 ** DEBE 320 ** 

 ~~~~~~~~~~~~~~~ 
 Evento: 
 ariel  martinez registrado con el dni: 567 pagó 150 
 ** DEBE 170 ** 

 ~~~~~~~~~~~~~~~ 
 Evento: 
 ariel  martinez registrado con el dni: 567 pagó 50 
 ** DEBE 120 ** 

 ~~~~~~~~~~~~~~~ 
 Evento: 
 lisa  fernandez registrado con el dni: 345 pagó 100 
 ** DEBE 100 ** 

 ~~~~~~~~~~~~~~~ 
 Evento: 
 paul  lopez registrado con el dni: 456 pagó 100 
 ** DEBE 500 ** 

 ~~~~~~~~~~~~~~~ 
 Evento: 
 pepe  perez registrado con el dni: 123 pagó 400 
 ** DEUDA SALDADA ** 

 ~~~~~~~~~~~~~~~ 
 Evento: 
 coca  gutierrez registrado con el dni: 234 pagó 400 
 ** DEUDA SALDADA ** 

 ~~~~~~~~~~~~~~~ 
 Evento: 
 ariel  martinez registrado con el dni: 567 pagó 30 
 ** DEBE 320 ** 

 ~~~~~~~~~~~~~~~ 
 Evento: 
 ariel  martinez registrado con el dni: 567 pagó 150 
 ** DEBE 170 ** 

 ~~~~~~~~~~~~~~~ 
 Evento: 
 ariel  martinez registrado con el dni: 567 pagó 50 
 ** DEBE 120 ** 
